0 info it worked if it ends with ok
1 verbose cli [ '/usr/local/bin/node', '/usr/local/bin/npm', 'run', 'lint' ]
2 info using npm@3.10.3
3 info using node@v6.6.0
4 verbose run-script [ 'prelint', 'lint', 'postlint' ]
5 info lifecycle hotshot@1.0.4~prelint: hotshot@1.0.4
6 silly lifecycle hotshot@1.0.4~prelint: no script for prelint, continuing
7 info lifecycle hotshot@1.0.4~lint: hotshot@1.0.4
8 verbose lifecycle hotshot@1.0.4~lint: unsafe-perm in lifecycle true
9 verbose lifecycle hotshot@1.0.4~lint: PATH: /usr/local/lib/node_modules/npm/bin/node-gyp-bin:/Users/koenvendrik/Desktop/hotshot/node_modules/.bin:/usr/local/bin:/Users/koenvendrik/.yarn/bin:/usr/local/bin:/usr/bin:/bin:/usr/sbin:/sbin
10 verbose lifecycle hotshot@1.0.4~lint: CWD: /Users/koenvendrik/Desktop/hotshot
11 silly lifecycle hotshot@1.0.4~lint: Args: [ '-c', 'eslint src/ --max-warnings 0' ]
12 silly lifecycle hotshot@1.0.4~lint: Returned: code: 1  signal: null
13 info lifecycle hotshot@1.0.4~lint: Failed to exec lint script
14 verbose stack Error: hotshot@1.0.4 lint: `eslint src/ --max-warnings 0`
14 verbose stack Exit status 1
14 verbose stack     at EventEmitter.<anonymous> (/usr/local/lib/node_modules/npm/lib/utils/lifecycle.js:242:16)
14 verbose stack     at emitTwo (events.js:106:13)
14 verbose stack     at EventEmitter.emit (events.js:191:7)
14 verbose stack     at ChildProcess.<anonymous> (/usr/local/lib/node_modules/npm/lib/utils/spawn.js:40:14)
14 verbose stack     at emitTwo (events.js:106:13)
14 verbose stack     at ChildProcess.emit (events.js:191:7)
14 verbose stack     at maybeClose (internal/child_process.js:877:16)
14 verbose stack     at Process.ChildProcess._handle.onexit (internal/child_process.js:226:5)
15 verbose pkgid hotshot@1.0.4
16 verbose cwd /Users/koenvendrik/Desktop/hotshot
17 error Darwin 15.6.0
18 error argv "/usr/local/bin/node" "/usr/local/bin/npm" "run" "lint"
19 error node v6.6.0
20 error npm  v3.10.3
21 error code ELIFECYCLE
22 error hotshot@1.0.4 lint: `eslint src/ --max-warnings 0`
22 error Exit status 1
23 error Failed at the hotshot@1.0.4 lint script 'eslint src/ --max-warnings 0'.
23 error Make sure you have the latest version of node.js and npm installed.
23 error If you do, this is most likely a problem with the hotshot package,
23 error not with npm itself.
23 error Tell the author that this fails on your system:
23 error     eslint src/ --max-warnings 0
23 error You can get information on how to open an issue for this project with:
23 error     npm bugs hotshot
23 error Or if that isn't available, you can get their info via:
23 error     npm owner ls hotshot
23 error There is likely additional logging output above.
24 verbose exit [ 1, true ]
